{"/Users/oct-yab-eng-victor/Documents/projects/others/cp_assessment/src/__tests__/app.ts": {"path":"/Users/oct-yab-eng-victor/Documents/projects/others/cp_assessment/src/__tests__/app.ts","statementMap":{"0":{"start":{"line":1,"column":0},"end":{"line":1,"column":47}},"1":{"start":{"line":2,"column":0},"end":{"line":2,"column":40}},"2":{"start":{"line":3,"column":0},"end":{"line":3,"column":41}},"3":{"start":{"line":5,"column":29},"end":{"line":15,"column":1}},"4":{"start":{"line":6,"column":27},"end":{"line":6,"column":36}},"5":{"start":{"line":8,"column":2},"end":{"line":8,"column":26}},"6":{"start":{"line":9,"column":2},"end":{"line":9,"column":51}},"7":{"start":{"line":11,"column":2},"end":{"line":11,"column":35}},"8":{"start":{"line":12,"column":2},"end":{"line":12,"column":36}},"9":{"start":{"line":14,"column":2},"end":{"line":14,"column":13}},"10":{"start":{"line":5,"column":13},"end":{"line":5,"column":29}}},"fnMap":{"0":{"name":"(anonymous_1)","decl":{"start":{"line":5,"column":29},"end":{"line":5,"column":45}},"loc":{"start":{"line":5,"column":47},"end":{"line":15,"column":1}}}},"branchMap":{},"s":{"0":2,"1":2,"2":2,"3":2,"4":2,"5":2,"6":2,"7":2,"8":2,"9":2,"10":2},"f":{"0":2},"b":{}}
,"/Users/oct-yab-eng-victor/Documents/projects/others/cp_assessment/src/__tests__/setup.ts": {"path":"/Users/oct-yab-eng-victor/Documents/projects/others/cp_assessment/src/__tests__/setup.ts","statementMap":{"0":{"start":{"line":1,"column":0},"end":{"line":1,"column":32}},"1":{"start":{"line":2,"column":0},"end":{"line":2,"column":58}},"2":{"start":{"line":6,"column":29},"end":{"line":10,"column":1}},"3":{"start":{"line":7,"column":2},"end":{"line":7,"column":49}},"4":{"start":{"line":8,"column":14},"end":{"line":8,"column":34}},"5":{"start":{"line":9,"column":2},"end":{"line":9,"column":30}},"6":{"start":{"line":6,"column":13},"end":{"line":6,"column":29}},"7":{"start":{"line":12,"column":27},"end":{"line":16,"column":1}},"8":{"start":{"line":13,"column":2},"end":{"line":13,"column":43}},"9":{"start":{"line":14,"column":2},"end":{"line":14,"column":36}},"10":{"start":{"line":15,"column":2},"end":{"line":15,"column":27}},"11":{"start":{"line":12,"column":13},"end":{"line":12,"column":27}},"12":{"start":{"line":18,"column":27},"end":{"line":23,"column":1}},"13":{"start":{"line":19,"column":22},"end":{"line":19,"column":53}},"14":{"start":{"line":20,"column":2},"end":{"line":22,"column":3}},"15":{"start":{"line":21,"column":4},"end":{"line":21,"column":42}},"16":{"start":{"line":18,"column":13},"end":{"line":18,"column":27}}},"fnMap":{"0":{"name":"(anonymous_1)","decl":{"start":{"line":6,"column":29},"end":{"line":6,"column":34}},"loc":{"start":{"line":6,"column":55},"end":{"line":10,"column":1}}},"1":{"name":"(anonymous_2)","decl":{"start":{"line":12,"column":27},"end":{"line":12,"column":32}},"loc":{"start":{"line":12,"column":53},"end":{"line":16,"column":1}}},"2":{"name":"(anonymous_3)","decl":{"start":{"line":18,"column":27},"end":{"line":18,"column":32}},"loc":{"start":{"line":18,"column":53},"end":{"line":23,"column":1}}}},"branchMap":{},"s":{"0":2,"1":2,"2":2,"3":2,"4":2,"5":2,"6":2,"7":2,"8":2,"9":2,"10":2,"11":2,"12":2,"13":22,"14":22,"15":44,"16":2},"f":{"0":2,"1":2,"2":22},"b":{}}
,"/Users/oct-yab-eng-victor/Documents/projects/others/cp_assessment/src/config/db.ts": {"path":"/Users/oct-yab-eng-victor/Documents/projects/others/cp_assessment/src/config/db.ts","statementMap":{"0":{"start":{"line":1,"column":0},"end":{"line":1,"column":32}},"1":{"start":{"line":3,"column":18},"end":{"line":11,"column":1}},"2":{"start":{"line":4,"column":2},"end":{"line":10,"column":3}},"3":{"start":{"line":5,"column":17},"end":{"line":5,"column":74}},"4":{"start":{"line":6,"column":4},"end":{"line":6,"column":62}},"5":{"start":{"line":8,"column":4},"end":{"line":8,"column":56}},"6":{"start":{"line":9,"column":4},"end":{"line":9,"column":20}},"7":{"start":{"line":13,"column":0},"end":{"line":13,"column":25}}},"fnMap":{"0":{"name":"(anonymous_1)","decl":{"start":{"line":3,"column":18},"end":{"line":3,"column":23}},"loc":{"start":{"line":3,"column":44},"end":{"line":11,"column":1}}}},"branchMap":{},"s":{"0":0,"1":0,"2":0,"3":0,"4":0,"5":0,"6":0,"7":0},"f":{"0":0},"b":{}}
,"/Users/oct-yab-eng-victor/Documents/projects/others/cp_assessment/src/controllers/auth.controller.ts": {"path":"/Users/oct-yab-eng-victor/Documents/projects/others/cp_assessment/src/controllers/auth.controller.ts","statementMap":{"0":{"start":{"line":2,"column":0},"end":{"line":2,"column":53}},"1":{"start":{"line":4,"column":0},"end":{"line":4,"column":56}},"2":{"start":{"line":6,"column":0},"end":{"line":6,"column":80}},"3":{"start":{"line":8,"column":24},"end":{"line":28,"column":1}},"4":{"start":{"line":9,"column":2},"end":{"line":27,"column":3}},"5":{"start":{"line":10,"column":19},"end":{"line":10,"column":40}},"6":{"start":{"line":11,"column":4},"end":{"line":14,"column":5}},"7":{"start":{"line":12,"column":6},"end":{"line":12,"column":82}},"8":{"start":{"line":13,"column":6},"end":{"line":13,"column":13}},"9":{"start":{"line":16,"column":38},"end":{"line":16,"column":46}},"10":{"start":{"line":17,"column":19},"end":{"line":17,"column":72}},"11":{"start":{"line":18,"column":4},"end":{"line":18,"column":66}},"12":{"start":{"line":20,"column":4},"end":{"line":24,"column":5}},"13":{"start":{"line":21,"column":27},"end":{"line":21,"column":48}},"14":{"start":{"line":22,"column":6},"end":{"line":22,"column":64}},"15":{"start":{"line":23,"column":6},"end":{"line":23,"column":13}},"16":{"start":{"line":25,"column":4},"end":{"line":25,"column":25}},"17":{"start":{"line":26,"column":4},"end":{"line":26,"column":40}},"18":{"start":{"line":8,"column":13},"end":{"line":8,"column":24}},"19":{"start":{"line":30,"column":21},"end":{"line":50,"column":1}},"20":{"start":{"line":31,"column":2},"end":{"line":49,"column":3}},"21":{"start":{"line":32,"column":19},"end":{"line":32,"column":40}},"22":{"start":{"line":33,"column":4},"end":{"line":36,"column":5}},"23":{"start":{"line":34,"column":6},"end":{"line":34,"column":82}},"24":{"start":{"line":35,"column":6},"end":{"line":35,"column":13}},"25":{"start":{"line":38,"column":32},"end":{"line":38,"column":40}},"26":{"start":{"line":39,"column":19},"end":{"line":39,"column":63}},"27":{"start":{"line":40,"column":4},"end":{"line":40,"column":49}},"28":{"start":{"line":42,"column":4},"end":{"line":46,"column":5}},"29":{"start":{"line":43,"column":27},"end":{"line":43,"column":48}},"30":{"start":{"line":44,"column":6},"end":{"line":44,"column":64}},"31":{"start":{"line":45,"column":6},"end":{"line":45,"column":13}},"32":{"start":{"line":47,"column":4},"end":{"line":47,"column":25}},"33":{"start":{"line":48,"column":4},"end":{"line":48,"column":40}},"34":{"start":{"line":30,"column":13},"end":{"line":30,"column":21}},"35":{"start":{"line":52,"column":21},"end":{"line":65,"column":1}},"36":{"start":{"line":53,"column":2},"end":{"line":64,"column":3}},"37":{"start":{"line":54,"column":19},"end":{"line":54,"column":77}},"38":{"start":{"line":55,"column":4},"end":{"line":55,"column":60}},"39":{"start":{"line":57,"column":4},"end":{"line":61,"column":5}},"40":{"start":{"line":58,"column":27},"end":{"line":58,"column":48}},"41":{"start":{"line":59,"column":6},"end":{"line":59,"column":64}},"42":{"start":{"line":60,"column":6},"end":{"line":60,"column":13}},"43":{"start":{"line":62,"column":4},"end":{"line":62,"column":25}},"44":{"start":{"line":63,"column":4},"end":{"line":63,"column":40}},"45":{"start":{"line":52,"column":13},"end":{"line":52,"column":21}}},"fnMap":{"0":{"name":"(anonymous_9)","decl":{"start":{"line":8,"column":24},"end":{"line":8,"column":29}},"loc":{"start":{"line":8,"column":81},"end":{"line":28,"column":1}}},"1":{"name":"(anonymous_10)","decl":{"start":{"line":30,"column":21},"end":{"line":30,"column":26}},"loc":{"start":{"line":30,"column":78},"end":{"line":50,"column":1}}},"2":{"name":"(anonymous_11)","decl":{"start":{"line":52,"column":21},"end":{"line":52,"column":26}},"loc":{"start":{"line":52,"column":78},"end":{"line":65,"column":1}}}},"branchMap":{"0":{"loc":{"start":{"line":11,"column":4},"end":{"line":14,"column":5}},"type":"if","locations":[{"start":{"line":11,"column":4},"end":{"line":14,"column":5}}]},"1":{"loc":{"start":{"line":20,"column":4},"end":{"line":24,"column":5}},"type":"if","locations":[{"start":{"line":20,"column":4},"end":{"line":24,"column":5}}]},"2":{"loc":{"start":{"line":33,"column":4},"end":{"line":36,"column":5}},"type":"if","locations":[{"start":{"line":33,"column":4},"end":{"line":36,"column":5}}]},"3":{"loc":{"start":{"line":42,"column":4},"end":{"line":46,"column":5}},"type":"if","locations":[{"start":{"line":42,"column":4},"end":{"line":46,"column":5}}]},"4":{"loc":{"start":{"line":57,"column":4},"end":{"line":61,"column":5}},"type":"if","locations":[{"start":{"line":57,"column":4},"end":{"line":61,"column":5}}]}},"s":{"0":2,"1":2,"2":2,"3":2,"4":19,"5":19,"6":19,"7":2,"8":2,"9":17,"10":17,"11":16,"12":1,"13":1,"14":1,"15":1,"16":0,"17":0,"18":2,"19":2,"20":3,"21":3,"22":3,"23":0,"24":0,"25":3,"26":3,"27":1,"28":2,"29":2,"30":2,"31":2,"32":0,"33":0,"34":2,"35":2,"36":1,"37":1,"38":1,"39":0,"40":0,"41":0,"42":0,"43":0,"44":0,"45":2},"f":{"0":19,"1":3,"2":1},"b":{"0":[2],"1":[1],"2":[0],"3":[2],"4":[0]}}
,"/Users/oct-yab-eng-victor/Documents/projects/others/cp_assessment/src/controllers/todo.controller.ts": {"path":"/Users/oct-yab-eng-victor/Documents/projects/others/cp_assessment/src/controllers/todo.controller.ts","statementMap":{"0":{"start":{"line":2,"column":0},"end":{"line":2,"column":53}},"1":{"start":{"line":4,"column":0},"end":{"line":4,"column":56}},"2":{"start":{"line":6,"column":0},"end":{"line":6,"column":80}},"3":{"start":{"line":8,"column":27},"end":{"line":21,"column":1}},"4":{"start":{"line":9,"column":2},"end":{"line":20,"column":3}},"5":{"start":{"line":10,"column":18},"end":{"line":10,"column":73}},"6":{"start":{"line":11,"column":4},"end":{"line":11,"column":60}},"7":{"start":{"line":13,"column":4},"end":{"line":17,"column":5}},"8":{"start":{"line":14,"column":27},"end":{"line":14,"column":48}},"9":{"start":{"line":15,"column":6},"end":{"line":15,"column":64}},"10":{"start":{"line":16,"column":6},"end":{"line":16,"column":13}},"11":{"start":{"line":18,"column":4},"end":{"line":18,"column":25}},"12":{"start":{"line":19,"column":4},"end":{"line":19,"column":40}},"13":{"start":{"line":8,"column":13},"end":{"line":8,"column":27}},"14":{"start":{"line":23,"column":27},"end":{"line":36,"column":1}},"15":{"start":{"line":24,"column":2},"end":{"line":35,"column":3}},"16":{"start":{"line":25,"column":17},"end":{"line":25,"column":87}},"17":{"start":{"line":26,"column":4},"end":{"line":26,"column":58}},"18":{"start":{"line":28,"column":4},"end":{"line":32,"column":5}},"19":{"start":{"line":29,"column":27},"end":{"line":29,"column":48}},"20":{"start":{"line":30,"column":6},"end":{"line":30,"column":64}},"21":{"start":{"line":31,"column":6},"end":{"line":31,"column":13}},"22":{"start":{"line":33,"column":4},"end":{"line":33,"column":25}},"23":{"start":{"line":34,"column":4},"end":{"line":34,"column":40}},"24":{"start":{"line":23,"column":13},"end":{"line":23,"column":27}},"25":{"start":{"line":38,"column":26},"end":{"line":58,"column":1}},"26":{"start":{"line":39,"column":2},"end":{"line":57,"column":3}},"27":{"start":{"line":40,"column":19},"end":{"line":40,"column":40}},"28":{"start":{"line":41,"column":4},"end":{"line":44,"column":5}},"29":{"start":{"line":42,"column":6},"end":{"line":42,"column":82}},"30":{"start":{"line":43,"column":6},"end":{"line":43,"column":13}},"31":{"start":{"line":46,"column":35},"end":{"line":46,"column":43}},"32":{"start":{"line":47,"column":17},"end":{"line":47,"column":95}},"33":{"start":{"line":48,"column":4},"end":{"line":48,"column":61}},"34":{"start":{"line":50,"column":4},"end":{"line":54,"column":5}},"35":{"start":{"line":51,"column":27},"end":{"line":51,"column":48}},"36":{"start":{"line":52,"column":6},"end":{"line":52,"column":64}},"37":{"start":{"line":53,"column":6},"end":{"line":53,"column":13}},"38":{"start":{"line":55,"column":4},"end":{"line":55,"column":25}},"39":{"start":{"line":56,"column":4},"end":{"line":56,"column":40}},"40":{"start":{"line":38,"column":13},"end":{"line":38,"column":26}},"41":{"start":{"line":60,"column":26},"end":{"line":84,"column":1}},"42":{"start":{"line":61,"column":2},"end":{"line":83,"column":3}},"43":{"start":{"line":62,"column":19},"end":{"line":62,"column":40}},"44":{"start":{"line":63,"column":4},"end":{"line":66,"column":5}},"45":{"start":{"line":64,"column":6},"end":{"line":64,"column":82}},"46":{"start":{"line":65,"column":6},"end":{"line":65,"column":13}},"47":{"start":{"line":68,"column":46},"end":{"line":68,"column":54}},"48":{"start":{"line":69,"column":17},"end":{"line":72,"column":null}},"49":{"start":{"line":74,"column":4},"end":{"line":74,"column":56}},"50":{"start":{"line":76,"column":4},"end":{"line":80,"column":5}},"51":{"start":{"line":77,"column":27},"end":{"line":77,"column":48}},"52":{"start":{"line":78,"column":6},"end":{"line":78,"column":64}},"53":{"start":{"line":79,"column":6},"end":{"line":79,"column":13}},"54":{"start":{"line":81,"column":4},"end":{"line":81,"column":25}},"55":{"start":{"line":82,"column":4},"end":{"line":82,"column":40}},"56":{"start":{"line":60,"column":13},"end":{"line":60,"column":26}},"57":{"start":{"line":86,"column":26},"end":{"line":99,"column":1}},"58":{"start":{"line":87,"column":2},"end":{"line":98,"column":3}},"59":{"start":{"line":88,"column":4},"end":{"line":88,"column":74}},"60":{"start":{"line":89,"column":4},"end":{"line":89,"column":56}},"61":{"start":{"line":91,"column":4},"end":{"line":95,"column":5}},"62":{"start":{"line":92,"column":27},"end":{"line":92,"column":48}},"63":{"start":{"line":93,"column":6},"end":{"line":93,"column":64}},"64":{"start":{"line":94,"column":6},"end":{"line":94,"column":13}},"65":{"start":{"line":96,"column":4},"end":{"line":96,"column":25}},"66":{"start":{"line":97,"column":4},"end":{"line":97,"column":40}},"67":{"start":{"line":86,"column":13},"end":{"line":86,"column":26}}},"fnMap":{"0":{"name":"(anonymous_9)","decl":{"start":{"line":8,"column":27},"end":{"line":8,"column":32}},"loc":{"start":{"line":8,"column":84},"end":{"line":21,"column":1}}},"1":{"name":"(anonymous_10)","decl":{"start":{"line":23,"column":27},"end":{"line":23,"column":32}},"loc":{"start":{"line":23,"column":84},"end":{"line":36,"column":1}}},"2":{"name":"(anonymous_11)","decl":{"start":{"line":38,"column":26},"end":{"line":38,"column":31}},"loc":{"start":{"line":38,"column":83},"end":{"line":58,"column":1}}},"3":{"name":"(anonymous_12)","decl":{"start":{"line":60,"column":26},"end":{"line":60,"column":31}},"loc":{"start":{"line":60,"column":83},"end":{"line":84,"column":1}}},"4":{"name":"(anonymous_13)","decl":{"start":{"line":86,"column":26},"end":{"line":86,"column":31}},"loc":{"start":{"line":86,"column":83},"end":{"line":99,"column":1}}}},"branchMap":{"0":{"loc":{"start":{"line":13,"column":4},"end":{"line":17,"column":5}},"type":"if","locations":[{"start":{"line":13,"column":4},"end":{"line":17,"column":5}}]},"1":{"loc":{"start":{"line":28,"column":4},"end":{"line":32,"column":5}},"type":"if","locations":[{"start":{"line":28,"column":4},"end":{"line":32,"column":5}}]},"2":{"loc":{"start":{"line":41,"column":4},"end":{"line":44,"column":5}},"type":"if","locations":[{"start":{"line":41,"column":4},"end":{"line":44,"column":5}}]},"3":{"loc":{"start":{"line":50,"column":4},"end":{"line":54,"column":5}},"type":"if","locations":[{"start":{"line":50,"column":4},"end":{"line":54,"column":5}}]},"4":{"loc":{"start":{"line":63,"column":4},"end":{"line":66,"column":5}},"type":"if","locations":[{"start":{"line":63,"column":4},"end":{"line":66,"column":5}}]},"5":{"loc":{"start":{"line":76,"column":4},"end":{"line":80,"column":5}},"type":"if","locations":[{"start":{"line":76,"column":4},"end":{"line":80,"column":5}}]},"6":{"loc":{"start":{"line":91,"column":4},"end":{"line":95,"column":5}},"type":"if","locations":[{"start":{"line":91,"column":4},"end":{"line":95,"column":5}}]}},"s":{"0":2,"1":2,"2":2,"3":2,"4":2,"5":2,"6":2,"7":0,"8":0,"9":0,"10":0,"11":0,"12":0,"13":2,"14":2,"15":2,"16":2,"17":1,"18":1,"19":1,"20":1,"21":1,"22":0,"23":0,"24":2,"25":2,"26":2,"27":2,"28":2,"29":1,"30":1,"31":1,"32":1,"33":1,"34":0,"35":0,"36":0,"37":0,"38":0,"39":0,"40":2,"41":2,"42":3,"43":3,"44":3,"45":0,"46":0,"47":3,"48":3,"49":2,"50":1,"51":1,"52":1,"53":1,"54":0,"55":0,"56":2,"57":2,"58":2,"59":2,"60":1,"61":1,"62":1,"63":1,"64":1,"65":0,"66":0,"67":2},"f":{"0":2,"1":2,"2":2,"3":3,"4":2},"b":{"0":[0],"1":[1],"2":[1],"3":[0],"4":[0],"5":[1],"6":[1]}}
,"/Users/oct-yab-eng-victor/Documents/projects/others/cp_assessment/src/middleware/auth.ts": {"path":"/Users/oct-yab-eng-victor/Documents/projects/others/cp_assessment/src/middleware/auth.ts","statementMap":{"0":{"start":{"line":2,"column":0},"end":{"line":2,"column":31}},"1":{"start":{"line":3,"column":0},"end":{"line":3,"column":45}},"2":{"start":{"line":4,"column":0},"end":{"line":4,"column":46}},"3":{"start":{"line":15,"column":13},"end":{"line":47,"column":1}},"4":{"start":{"line":18,"column":2},"end":{"line":41,"column":3}},"5":{"start":{"line":19,"column":4},"end":{"line":40,"column":5}},"6":{"start":{"line":21,"column":6},"end":{"line":21,"column":54}},"7":{"start":{"line":24,"column":22},"end":{"line":24,"column":87}},"8":{"start":{"line":27,"column":19},"end":{"line":27,"column":70}},"9":{"start":{"line":29,"column":6},"end":{"line":32,"column":7}},"10":{"start":{"line":30,"column":8},"end":{"line":30,"column":62}},"11":{"start":{"line":31,"column":8},"end":{"line":31,"column":15}},"12":{"start":{"line":34,"column":6},"end":{"line":34,"column":22}},"13":{"start":{"line":35,"column":6},"end":{"line":35,"column":13}},"14":{"start":{"line":37,"column":6},"end":{"line":37,"column":27}},"15":{"start":{"line":38,"column":6},"end":{"line":38,"column":58}},"16":{"start":{"line":39,"column":6},"end":{"line":39,"column":13}},"17":{"start":{"line":43,"column":2},"end":{"line":46,"column":3}},"18":{"start":{"line":44,"column":4},"end":{"line":44,"column":52}},"19":{"start":{"line":45,"column":4},"end":{"line":45,"column":11}},"20":{"start":{"line":49,"column":0},"end":{"line":49,"column":20}}},"fnMap":{"0":{"name":"(anonymous_1)","decl":{"start":{"line":15,"column":13},"end":{"line":15,"column":18}},"loc":{"start":{"line":15,"column":90},"end":{"line":47,"column":1}}}},"branchMap":{"0":{"loc":{"start":{"line":18,"column":2},"end":{"line":41,"column":3}},"type":"if","locations":[{"start":{"line":18,"column":2},"end":{"line":41,"column":3}}]},"1":{"loc":{"start":{"line":18,"column":6},"end":{"line":18,"column":81}},"type":"binary-expr","locations":[{"start":{"line":18,"column":6},"end":{"line":18,"column":31}},{"start":{"line":18,"column":35},"end":{"line":18,"column":81}}]},"2":{"loc":{"start":{"line":29,"column":6},"end":{"line":32,"column":7}},"type":"if","locations":[{"start":{"line":29,"column":6},"end":{"line":32,"column":7}}]},"3":{"loc":{"start":{"line":43,"column":2},"end":{"line":46,"column":3}},"type":"if","locations":[{"start":{"line":43,"column":2},"end":{"line":46,"column":3}}]}},"s":{"0":2,"1":2,"2":2,"3":2,"4":15,"5":13,"6":13,"7":13,"8":12,"9":12,"10":0,"11":0,"12":12,"13":12,"14":1,"15":1,"16":1,"17":14,"18":2,"19":2,"20":2},"f":{"0":15},"b":{"0":[13],"1":[15,13],"2":[0],"3":[2]}}
,"/Users/oct-yab-eng-victor/Documents/projects/others/cp_assessment/src/models/Todo.ts": {"path":"/Users/oct-yab-eng-victor/Documents/projects/others/cp_assessment/src/models/Todo.ts","statementMap":{"0":{"start":{"line":1,"column":0},"end":{"line":1,"column":61}},"1":{"start":{"line":13,"column":19},"end":{"line":37,"column":null}},"2":{"start":{"line":40,"column":27},"end":{"line":40,"column":68}},"3":{"start":{"line":42,"column":0},"end":{"line":42,"column":20}}},"fnMap":{},"branchMap":{},"s":{"0":2,"1":2,"2":2,"3":2},"f":{},"b":{}}
,"/Users/oct-yab-eng-victor/Documents/projects/others/cp_assessment/src/models/User.ts": {"path":"/Users/oct-yab-eng-victor/Documents/projects/others/cp_assessment/src/models/User.ts","statementMap":{"0":{"start":{"line":1,"column":0},"end":{"line":1,"column":61}},"1":{"start":{"line":2,"column":0},"end":{"line":2,"column":30}},"2":{"start":{"line":14,"column":19},"end":{"line":38,"column":null}},"3":{"start":{"line":42,"column":0},"end":{"line":49,"column":3}},"4":{"start":{"line":43,"column":2},"end":{"line":46,"column":3}},"5":{"start":{"line":44,"column":4},"end":{"line":44,"column":11}},"6":{"start":{"line":45,"column":4},"end":{"line":45,"column":11}},"7":{"start":{"line":47,"column":15},"end":{"line":47,"column":39}},"8":{"start":{"line":48,"column":2},"end":{"line":48,"column":57}},"9":{"start":{"line":52,"column":0},"end":{"line":54,"column":2}},"10":{"start":{"line":53,"column":2},"end":{"line":53,"column":62}},"11":{"start":{"line":56,"column":27},"end":{"line":56,"column":68}},"12":{"start":{"line":58,"column":0},"end":{"line":58,"column":20}}},"fnMap":{"0":{"name":"(anonymous_10)","decl":{"start":{"line":42,"column":23},"end":{"line":42,"column":28}},"loc":{"start":{"line":42,"column":43},"end":{"line":49,"column":1}}},"1":{"name":"(anonymous_11)","decl":{"start":{"line":52,"column":35},"end":{"line":52,"column":40}},"loc":{"start":{"line":52,"column":74},"end":{"line":54,"column":1}}}},"branchMap":{"0":{"loc":{"start":{"line":43,"column":2},"end":{"line":46,"column":3}},"type":"if","locations":[{"start":{"line":43,"column":2},"end":{"line":46,"column":3}}]}},"s":{"0":2,"1":2,"2":2,"3":2,"4":23,"5":0,"6":0,"7":23,"8":23,"9":2,"10":2,"11":2,"12":2},"f":{"0":23,"1":2},"b":{"0":[0]}}
,"/Users/oct-yab-eng-victor/Documents/projects/others/cp_assessment/src/routes/auth.ts": {"path":"/Users/oct-yab-eng-victor/Documents/projects/others/cp_assessment/src/routes/auth.ts","statementMap":{"0":{"start":{"line":1,"column":0},"end":{"line":1,"column":42}},"1":{"start":{"line":2,"column":0},"end":{"line":2,"column":65}},"2":{"start":{"line":3,"column":0},"end":{"line":3,"column":62}},"3":{"start":{"line":4,"column":0},"end":{"line":4,"column":38}},"4":{"start":{"line":6,"column":23},"end":{"line":6,"column":39}},"5":{"start":{"line":11,"column":0},"end":{"line":11,"column":84}},"6":{"start":{"line":16,"column":0},"end":{"line":16,"column":75}},"7":{"start":{"line":21,"column":0},"end":{"line":21,"column":46}},"8":{"start":{"line":23,"column":0},"end":{"line":23,"column":22}}},"fnMap":{},"branchMap":{},"s":{"0":2,"1":2,"2":2,"3":2,"4":2,"5":2,"6":2,"7":2,"8":2},"f":{},"b":{}}
,"/Users/oct-yab-eng-victor/Documents/projects/others/cp_assessment/src/routes/todos.ts": {"path":"/Users/oct-yab-eng-victor/Documents/projects/others/cp_assessment/src/routes/todos.ts","statementMap":{"0":{"start":{"line":1,"column":0},"end":{"line":1,"column":42}},"1":{"start":{"line":2,"column":0},"end":{"line":2,"column":65}},"2":{"start":{"line":3,"column":0},"end":{"line":3,"column":62}},"3":{"start":{"line":4,"column":0},"end":{"line":4,"column":38}},"4":{"start":{"line":6,"column":23},"end":{"line":6,"column":39}},"5":{"start":{"line":9,"column":0},"end":{"line":9,"column":17}},"6":{"start":{"line":14,"column":0},"end":{"line":14,"column":44}},"7":{"start":{"line":19,"column":0},"end":{"line":19,"column":47}},"8":{"start":{"line":24,"column":0},"end":{"line":24,"column":80}},"9":{"start":{"line":29,"column":0},"end":{"line":29,"column":82}},"10":{"start":{"line":34,"column":0},"end":{"line":34,"column":49}},"11":{"start":{"line":36,"column":0},"end":{"line":36,"column":22}}},"fnMap":{},"branchMap":{},"s":{"0":2,"1":2,"2":2,"3":2,"4":2,"5":2,"6":2,"7":2,"8":2,"9":2,"10":2,"11":2},"f":{},"b":{}}
,"/Users/oct-yab-eng-victor/Documents/projects/others/cp_assessment/src/services/auth.service.ts": {"path":"/Users/oct-yab-eng-victor/Documents/projects/others/cp_assessment/src/services/auth.service.ts","statementMap":{"0":{"start":{"line":1,"column":0},"end":{"line":1,"column":31}},"1":{"start":{"line":2,"column":0},"end":{"line":2,"column":45}},"2":{"start":{"line":18,"column":22},"end":{"line":22,"column":1}},"3":{"start":{"line":19,"column":2},"end":{"line":21,"column":5}},"4":{"start":{"line":24,"column":27},"end":{"line":31,"column":2}},"5":{"start":{"line":24,"column":57},"end":{"line":31,"column":2}},"6":{"start":{"line":33,"column":28},"end":{"line":54,"column":1}},"7":{"start":{"line":39,"column":21},"end":{"line":39,"column":50}},"8":{"start":{"line":40,"column":2},"end":{"line":43,"column":3}},"9":{"start":{"line":41,"column":32},"end":{"line":41,"column":79}},"10":{"start":{"line":42,"column":4},"end":{"line":42,"column":16}},"11":{"start":{"line":46,"column":15},"end":{"line":46,"column":59}},"12":{"start":{"line":48,"column":2},"end":{"line":51,"column":3}},"13":{"start":{"line":49,"column":32},"end":{"line":49,"column":77}},"14":{"start":{"line":50,"column":4},"end":{"line":50,"column":16}},"15":{"start":{"line":53,"column":2},"end":{"line":53,"column":34}},"16":{"start":{"line":33,"column":13},"end":{"line":33,"column":28}},"17":{"start":{"line":56,"column":25},"end":{"line":75,"column":1}},"18":{"start":{"line":61,"column":15},"end":{"line":61,"column":64}},"19":{"start":{"line":62,"column":2},"end":{"line":65,"column":3}},"20":{"start":{"line":63,"column":32},"end":{"line":63,"column":79}},"21":{"start":{"line":64,"column":4},"end":{"line":64,"column":16}},"22":{"start":{"line":68,"column":18},"end":{"line":68,"column":52}},"23":{"start":{"line":69,"column":2},"end":{"line":72,"column":3}},"24":{"start":{"line":70,"column":32},"end":{"line":70,"column":79}},"25":{"start":{"line":71,"column":4},"end":{"line":71,"column":16}},"26":{"start":{"line":74,"column":2},"end":{"line":74,"column":34}},"27":{"start":{"line":56,"column":13},"end":{"line":56,"column":25}},"28":{"start":{"line":77,"column":30},"end":{"line":89,"column":1}},"29":{"start":{"line":78,"column":15},"end":{"line":78,"column":42}},"30":{"start":{"line":79,"column":2},"end":{"line":82,"column":3}},"31":{"start":{"line":80,"column":32},"end":{"line":80,"column":74}},"32":{"start":{"line":81,"column":4},"end":{"line":81,"column":16}},"33":{"start":{"line":84,"column":2},"end":{"line":88,"column":4}},"34":{"start":{"line":77,"column":13},"end":{"line":77,"column":30}}},"fnMap":{"0":{"name":"(anonymous_1)","decl":{"start":{"line":18,"column":22},"end":{"line":18,"column":23}},"loc":{"start":{"line":18,"column":45},"end":{"line":22,"column":1}}},"1":{"name":"(anonymous_2)","decl":{"start":{"line":24,"column":27},"end":{"line":24,"column":28}},"loc":{"start":{"line":24,"column":57},"end":{"line":31,"column":2}}},"2":{"name":"(anonymous_3)","decl":{"start":{"line":33,"column":28},"end":{"line":33,"column":33}},"loc":{"start":{"line":37,"column":25},"end":{"line":54,"column":1}}},"3":{"name":"(anonymous_4)","decl":{"start":{"line":56,"column":25},"end":{"line":56,"column":30}},"loc":{"start":{"line":59,"column":25},"end":{"line":75,"column":1}}},"4":{"name":"(anonymous_5)","decl":{"start":{"line":77,"column":30},"end":{"line":77,"column":35}},"loc":{"start":{"line":77,"column":55},"end":{"line":89,"column":1}}}},"branchMap":{"0":{"loc":{"start":{"line":40,"column":2},"end":{"line":43,"column":3}},"type":"if","locations":[{"start":{"line":40,"column":2},"end":{"line":43,"column":3}}]},"1":{"loc":{"start":{"line":48,"column":2},"end":{"line":51,"column":3}},"type":"if","locations":[{"start":{"line":48,"column":2},"end":{"line":51,"column":3}}]},"2":{"loc":{"start":{"line":62,"column":2},"end":{"line":65,"column":3}},"type":"if","locations":[{"start":{"line":62,"column":2},"end":{"line":65,"column":3}}]},"3":{"loc":{"start":{"line":69,"column":2},"end":{"line":72,"column":3}},"type":"if","locations":[{"start":{"line":69,"column":2},"end":{"line":72,"column":3}}]},"4":{"loc":{"start":{"line":79,"column":2},"end":{"line":82,"column":3}},"type":"if","locations":[{"start":{"line":79,"column":2},"end":{"line":82,"column":3}}]}},"s":{"0":2,"1":2,"2":2,"3":17,"4":2,"5":17,"6":2,"7":17,"8":17,"9":1,"10":1,"11":16,"12":16,"13":0,"14":0,"15":16,"16":2,"17":2,"18":3,"19":3,"20":1,"21":1,"22":2,"23":2,"24":1,"25":1,"26":1,"27":2,"28":2,"29":1,"30":1,"31":0,"32":0,"33":1,"34":2},"f":{"0":17,"1":17,"2":17,"3":3,"4":1},"b":{"0":[1],"1":[0],"2":[1],"3":[1],"4":[0]}}
,"/Users/oct-yab-eng-victor/Documents/projects/others/cp_assessment/src/services/todo.service.ts": {"path":"/Users/oct-yab-eng-victor/Documents/projects/others/cp_assessment/src/services/todo.service.ts","statementMap":{"0":{"start":{"line":2,"column":0},"end":{"line":2,"column":45}},"1":{"start":{"line":16,"column":23},"end":{"line":21,"column":1}},"2":{"start":{"line":17,"column":2},"end":{"line":20,"column":3}},"3":{"start":{"line":18,"column":32},"end":{"line":18,"column":74}},"4":{"start":{"line":19,"column":4},"end":{"line":19,"column":16}},"5":{"start":{"line":23,"column":23},"end":{"line":26,"column":1}},"6":{"start":{"line":24,"column":30},"end":{"line":24,"column":72}},"7":{"start":{"line":25,"column":2},"end":{"line":25,"column":14}},"8":{"start":{"line":28,"column":27},"end":{"line":30,"column":1}},"9":{"start":{"line":29,"column":2},"end":{"line":29,"column":61}},"10":{"start":{"line":28,"column":13},"end":{"line":28,"column":27}},"11":{"start":{"line":32,"column":27},"end":{"line":50,"column":1}},"12":{"start":{"line":35,"column":2},"end":{"line":42,"column":3}},"13":{"start":{"line":36,"column":4},"end":{"line":36,"column":39}},"14":{"start":{"line":38,"column":4},"end":{"line":40,"column":5}},"15":{"start":{"line":39,"column":6},"end":{"line":39,"column":23}},"16":{"start":{"line":41,"column":4},"end":{"line":41,"column":16}},"17":{"start":{"line":44,"column":2},"end":{"line":46,"column":3}},"18":{"start":{"line":45,"column":4},"end":{"line":45,"column":21}},"19":{"start":{"line":48,"column":2},"end":{"line":48,"column":32}},"20":{"start":{"line":49,"column":2},"end":{"line":49,"column":15}},"21":{"start":{"line":32,"column":13},"end":{"line":32,"column":27}},"22":{"start":{"line":52,"column":26},"end":{"line":61,"column":1}},"23":{"start":{"line":56,"column":2},"end":{"line":60,"column":5}},"24":{"start":{"line":52,"column":13},"end":{"line":52,"column":26}},"25":{"start":{"line":63,"column":26},"end":{"line":97,"column":1}},"26":{"start":{"line":70,"column":2},"end":{"line":77,"column":3}},"27":{"start":{"line":71,"column":4},"end":{"line":71,"column":39}},"28":{"start":{"line":73,"column":4},"end":{"line":75,"column":5}},"29":{"start":{"line":74,"column":6},"end":{"line":74,"column":23}},"30":{"start":{"line":76,"column":4},"end":{"line":76,"column":16}},"31":{"start":{"line":79,"column":2},"end":{"line":81,"column":3}},"32":{"start":{"line":80,"column":4},"end":{"line":80,"column":21}},"33":{"start":{"line":83,"column":2},"end":{"line":83,"column":32}},"34":{"start":{"line":85,"column":37},"end":{"line":85,"column":39}},"35":{"start":{"line":86,"column":2},"end":{"line":86,"column":48}},"36":{"start":{"line":86,"column":18},"end":{"line":86,"column":48}},"37":{"start":{"line":87,"column":2},"end":{"line":87,"column":66}},"38":{"start":{"line":87,"column":24},"end":{"line":87,"column":66}},"39":{"start":{"line":88,"column":2},"end":{"line":88,"column":81}},"40":{"start":{"line":88,"column":43},"end":{"line":88,"column":81}},"41":{"start":{"line":90,"column":18},"end":{"line":93,"column":null}},"42":{"start":{"line":96,"column":2},"end":{"line":96,"column":18}},"43":{"start":{"line":63,"column":13},"end":{"line":63,"column":26}},"44":{"start":{"line":99,"column":26},"end":{"line":118,"column":1}},"45":{"start":{"line":102,"column":2},"end":{"line":109,"column":3}},"46":{"start":{"line":103,"column":4},"end":{"line":103,"column":39}},"47":{"start":{"line":105,"column":4},"end":{"line":107,"column":5}},"48":{"start":{"line":106,"column":6},"end":{"line":106,"column":23}},"49":{"start":{"line":108,"column":4},"end":{"line":108,"column":16}},"50":{"start":{"line":111,"column":2},"end":{"line":113,"column":3}},"51":{"start":{"line":112,"column":4},"end":{"line":112,"column":21}},"52":{"start":{"line":115,"column":2},"end":{"line":115,"column":32}},"53":{"start":{"line":117,"column":2},"end":{"line":117,"column":39}},"54":{"start":{"line":99,"column":13},"end":{"line":99,"column":26}}},"fnMap":{"0":{"name":"(anonymous_1)","decl":{"start":{"line":16,"column":23},"end":{"line":16,"column":24}},"loc":{"start":{"line":16,"column":61},"end":{"line":21,"column":1}}},"1":{"name":"(anonymous_2)","decl":{"start":{"line":23,"column":23},"end":{"line":23,"column":33}},"loc":{"start":{"line":23,"column":35},"end":{"line":26,"column":1}}},"2":{"name":"(anonymous_3)","decl":{"start":{"line":28,"column":27},"end":{"line":28,"column":32}},"loc":{"start":{"line":28,"column":70},"end":{"line":30,"column":1}}},"3":{"name":"(anonymous_4)","decl":{"start":{"line":32,"column":27},"end":{"line":32,"column":32}},"loc":{"start":{"line":32,"column":84},"end":{"line":50,"column":1}}},"4":{"name":"(anonymous_5)","decl":{"start":{"line":52,"column":26},"end":{"line":52,"column":31}},"loc":{"start":{"line":55,"column":20},"end":{"line":61,"column":1}}},"5":{"name":"(anonymous_6)","decl":{"start":{"line":63,"column":26},"end":{"line":63,"column":31}},"loc":{"start":{"line":67,"column":20},"end":{"line":97,"column":1}}},"6":{"name":"(anonymous_7)","decl":{"start":{"line":99,"column":26},"end":{"line":99,"column":31}},"loc":{"start":{"line":99,"column":82},"end":{"line":118,"column":1}}}},"branchMap":{"0":{"loc":{"start":{"line":17,"column":2},"end":{"line":20,"column":3}},"type":"if","locations":[{"start":{"line":17,"column":2},"end":{"line":20,"column":3}}]},"1":{"loc":{"start":{"line":38,"column":4},"end":{"line":40,"column":5}},"type":"if","locations":[{"start":{"line":38,"column":4},"end":{"line":40,"column":5}}]},"2":{"loc":{"start":{"line":44,"column":2},"end":{"line":46,"column":3}},"type":"if","locations":[{"start":{"line":44,"column":2},"end":{"line":46,"column":3}}]},"3":{"loc":{"start":{"line":73,"column":4},"end":{"line":75,"column":5}},"type":"if","locations":[{"start":{"line":73,"column":4},"end":{"line":75,"column":5}}]},"4":{"loc":{"start":{"line":79,"column":2},"end":{"line":81,"column":3}},"type":"if","locations":[{"start":{"line":79,"column":2},"end":{"line":81,"column":3}}]},"5":{"loc":{"start":{"line":86,"column":2},"end":{"line":86,"column":48}},"type":"if","locations":[{"start":{"line":86,"column":2},"end":{"line":86,"column":48}}]},"6":{"loc":{"start":{"line":87,"column":2},"end":{"line":87,"column":66}},"type":"if","locations":[{"start":{"line":87,"column":2},"end":{"line":87,"column":66}}]},"7":{"loc":{"start":{"line":88,"column":2},"end":{"line":88,"column":81}},"type":"if","locations":[{"start":{"line":88,"column":2},"end":{"line":88,"column":81}}]},"8":{"loc":{"start":{"line":105,"column":4},"end":{"line":107,"column":5}},"type":"if","locations":[{"start":{"line":105,"column":4},"end":{"line":107,"column":5}}]},"9":{"loc":{"start":{"line":111,"column":2},"end":{"line":113,"column":3}},"type":"if","locations":[{"start":{"line":111,"column":2},"end":{"line":113,"column":3}}]}},"s":{"0":2,"1":2,"2":6,"3":2,"4":2,"5":2,"6":1,"7":1,"8":2,"9":2,"10":2,"11":2,"12":2,"13":2,"14":0,"15":0,"16":0,"17":2,"18":1,"19":1,"20":1,"21":2,"22":2,"23":1,"24":2,"25":2,"26":3,"27":3,"28":0,"29":0,"30":0,"31":3,"32":0,"33":3,"34":2,"35":2,"36":1,"37":2,"38":1,"39":2,"40":1,"41":2,"42":2,"43":2,"44":2,"45":2,"46":2,"47":0,"48":0,"49":0,"50":2,"51":0,"52":2,"53":1,"54":2},"f":{"0":6,"1":1,"2":2,"3":2,"4":1,"5":3,"6":2},"b":{"0":[2],"1":[0],"2":[1],"3":[0],"4":[0],"5":[1],"6":[1],"7":[1],"8":[0],"9":[0]}}
,"/Users/oct-yab-eng-victor/Documents/projects/others/cp_assessment/src/utils/response.ts": {"path":"/Users/oct-yab-eng-victor/Documents/projects/others/cp_assessment/src/utils/response.ts","statementMap":{"0":{"start":{"line":14,"column":27},"end":{"line":26,"column":1}},"1":{"start":{"line":20,"column":39},"end":{"line":24,"column":4}},"2":{"start":{"line":25,"column":2},"end":{"line":25,"column":40}},"3":{"start":{"line":14,"column":13},"end":{"line":14,"column":27}},"4":{"start":{"line":28,"column":25},"end":{"line":38,"column":1}},"5":{"start":{"line":33,"column":34},"end":{"line":36,"column":4}},"6":{"start":{"line":37,"column":2},"end":{"line":37,"column":40}},"7":{"start":{"line":28,"column":13},"end":{"line":28,"column":25}},"8":{"start":{"line":40,"column":35},"end":{"line":49,"column":1}},"9":{"start":{"line":44,"column":34},"end":{"line":47,"column":4}},"10":{"start":{"line":46,"column":27},"end":{"line":46,"column":48}},"11":{"start":{"line":48,"column":2},"end":{"line":48,"column":33}},"12":{"start":{"line":40,"column":13},"end":{"line":40,"column":35}}},"fnMap":{"0":{"name":"(anonymous_0)","decl":{"start":{"line":14,"column":27},"end":{"line":14,"column":null}},"loc":{"start":{"line":19,"column":10},"end":{"line":26,"column":1}}},"1":{"name":"(anonymous_1)","decl":{"start":{"line":28,"column":25},"end":{"line":28,"column":null}},"loc":{"start":{"line":32,"column":10},"end":{"line":38,"column":1}}},"2":{"name":"(anonymous_2)","decl":{"start":{"line":40,"column":35},"end":{"line":40,"column":null}},"loc":{"start":{"line":43,"column":10},"end":{"line":49,"column":1}}},"3":{"name":"(anonymous_3)","decl":{"start":{"line":46,"column":22},"end":{"line":46,"column":23}},"loc":{"start":{"line":46,"column":27},"end":{"line":46,"column":48}}}},"branchMap":{"0":{"loc":{"start":{"line":18,"column":2},"end":{"line":18,"column":26}},"type":"default-arg","locations":[{"start":{"line":18,"column":23},"end":{"line":18,"column":26}}]},"1":{"loc":{"start":{"line":31,"column":2},"end":{"line":31,"column":26}},"type":"default-arg","locations":[{"start":{"line":31,"column":23},"end":{"line":31,"column":26}}]}},"s":{"0":2,"1":25,"2":25,"3":2,"4":2,"5":9,"6":9,"7":2,"8":2,"9":3,"10":3,"11":3,"12":2},"f":{"0":25,"1":9,"2":3,"3":3},"b":{"0":[8],"1":[0]}}
,"/Users/oct-yab-eng-victor/Documents/projects/others/cp_assessment/src/validators/auth.validator.ts": {"path":"/Users/oct-yab-eng-victor/Documents/projects/others/cp_assessment/src/validators/auth.validator.ts","statementMap":{"0":{"start":{"line":1,"column":0},"end":{"line":1,"column":58}},"1":{"start":{"line":3,"column":13},"end":{"line":7,"column":2}},"2":{"start":{"line":9,"column":13},"end":{"line":12,"column":2}}},"fnMap":{},"branchMap":{},"s":{"0":2,"1":2,"2":2},"f":{},"b":{}}
,"/Users/oct-yab-eng-victor/Documents/projects/others/cp_assessment/src/validators/todo.validator.ts": {"path":"/Users/oct-yab-eng-victor/Documents/projects/others/cp_assessment/src/validators/todo.validator.ts","statementMap":{"0":{"start":{"line":1,"column":0},"end":{"line":1,"column":58}},"1":{"start":{"line":3,"column":13},"end":{"line":6,"column":2}},"2":{"start":{"line":8,"column":13},"end":{"line":12,"column":2}}},"fnMap":{},"branchMap":{},"s":{"0":2,"1":2,"2":2},"f":{},"b":{}}
}
