TN:
SF:src/__tests__/app.ts
FN:5,(anonymous_1)
FNF:1
FNH:1
FNDA:2,(anonymous_1)
DA:1,2
DA:2,2
DA:3,2
DA:5,2
DA:6,2
DA:8,2
DA:9,2
DA:11,2
DA:12,2
DA:14,2
LF:10
LH:10
BRF:0
BRH:0
end_of_record
TN:
SF:src/__tests__/setup.ts
FN:6,(anonymous_1)
FN:12,(anonymous_2)
FN:18,(anonymous_3)
FNF:3
FNH:3
FNDA:2,(anonymous_1)
FNDA:2,(anonymous_2)
FNDA:22,(anonymous_3)
DA:1,2
DA:2,2
DA:6,2
DA:7,2
DA:8,2
DA:9,2
DA:12,2
DA:13,2
DA:14,2
DA:15,2
DA:18,2
DA:19,22
DA:20,22
DA:21,44
LF:14
LH:14
BRF:0
BRH:0
end_of_record
TN:
SF:src/config/db.ts
FN:3,(anonymous_1)
FNF:1
FNH:0
FNDA:0,(anonymous_1)
DA:1,0
DA:3,0
DA:4,0
DA:5,0
DA:6,0
DA:8,0
DA:9,0
DA:13,0
LF:8
LH:0
BRF:0
BRH:0
end_of_record
TN:
SF:src/controllers/auth.controller.ts
FN:8,(anonymous_9)
FN:30,(anonymous_10)
FN:52,(anonymous_11)
FNF:3
FNH:3
FNDA:19,(anonymous_9)
FNDA:3,(anonymous_10)
FNDA:1,(anonymous_11)
DA:2,2
DA:4,2
DA:6,2
DA:8,2
DA:9,19
DA:10,19
DA:11,19
DA:12,2
DA:13,2
DA:16,17
DA:17,17
DA:18,16
DA:20,1
DA:21,1
DA:22,1
DA:23,1
DA:25,0
DA:26,0
DA:30,2
DA:31,3
DA:32,3
DA:33,3
DA:34,0
DA:35,0
DA:38,3
DA:39,3
DA:40,1
DA:42,2
DA:43,2
DA:44,2
DA:45,2
DA:47,0
DA:48,0
DA:52,2
DA:53,1
DA:54,1
DA:55,1
DA:57,0
DA:58,0
DA:59,0
DA:60,0
DA:62,0
DA:63,0
LF:43
LH:31
BRDA:11,0,0,2
BRDA:20,1,0,1
BRDA:33,2,0,0
BRDA:42,3,0,2
BRDA:57,4,0,0
BRF:5
BRH:3
end_of_record
TN:
SF:src/controllers/todo.controller.ts
FN:8,(anonymous_9)
FN:23,(anonymous_10)
FN:38,(anonymous_11)
FN:60,(anonymous_12)
FN:86,(anonymous_13)
FNF:5
FNH:5
FNDA:2,(anonymous_9)
FNDA:2,(anonymous_10)
FNDA:2,(anonymous_11)
FNDA:3,(anonymous_12)
FNDA:2,(anonymous_13)
DA:2,2
DA:4,2
DA:6,2
DA:8,2
DA:9,2
DA:10,2
DA:11,2
DA:13,0
DA:14,0
DA:15,0
DA:16,0
DA:18,0
DA:19,0
DA:23,2
DA:24,2
DA:25,2
DA:26,1
DA:28,1
DA:29,1
DA:30,1
DA:31,1
DA:33,0
DA:34,0
DA:38,2
DA:39,2
DA:40,2
DA:41,2
DA:42,1
DA:43,1
DA:46,1
DA:47,1
DA:48,1
DA:50,0
DA:51,0
DA:52,0
DA:53,0
DA:55,0
DA:56,0
DA:60,2
DA:61,3
DA:62,3
DA:63,3
DA:64,0
DA:65,0
DA:68,3
DA:69,3
DA:74,2
DA:76,1
DA:77,1
DA:78,1
DA:79,1
DA:81,0
DA:82,0
DA:86,2
DA:87,2
DA:88,2
DA:89,1
DA:91,1
DA:92,1
DA:93,1
DA:94,1
DA:96,0
DA:97,0
LF:63
LH:43
BRDA:13,0,0,0
BRDA:28,1,0,1
BRDA:41,2,0,1
BRDA:50,3,0,0
BRDA:63,4,0,0
BRDA:76,5,0,1
BRDA:91,6,0,1
BRF:7
BRH:4
end_of_record
TN:
SF:src/middleware/auth.ts
FN:15,(anonymous_1)
FNF:1
FNH:1
FNDA:15,(anonymous_1)
DA:2,2
DA:3,2
DA:4,2
DA:15,2
DA:18,15
DA:19,13
DA:21,13
DA:24,13
DA:27,12
DA:29,12
DA:30,0
DA:31,0
DA:34,12
DA:35,12
DA:37,1
DA:38,1
DA:39,1
DA:43,14
DA:44,2
DA:45,2
DA:49,2
LF:21
LH:19
BRDA:18,0,0,13
BRDA:18,1,0,15
BRDA:18,1,1,13
BRDA:29,2,0,0
BRDA:43,3,0,2
BRF:5
BRH:4
end_of_record
TN:
SF:src/models/Todo.ts
FNF:0
FNH:0
DA:1,2
DA:13,2
DA:40,2
DA:42,2
LF:4
LH:4
BRF:0
BRH:0
end_of_record
TN:
SF:src/models/User.ts
FN:42,(anonymous_10)
FN:52,(anonymous_11)
FNF:2
FNH:2
FNDA:23,(anonymous_10)
FNDA:2,(anonymous_11)
DA:1,2
DA:2,2
DA:14,2
DA:42,2
DA:43,23
DA:44,0
DA:45,0
DA:47,23
DA:48,23
DA:52,2
DA:53,2
DA:56,2
DA:58,2
LF:13
LH:11
BRDA:43,0,0,0
BRF:1
BRH:0
end_of_record
TN:
SF:src/routes/auth.ts
FNF:0
FNH:0
DA:1,2
DA:2,2
DA:3,2
DA:4,2
DA:6,2
DA:11,2
DA:16,2
DA:21,2
DA:23,2
LF:9
LH:9
BRF:0
BRH:0
end_of_record
TN:
SF:src/routes/todos.ts
FNF:0
FNH:0
DA:1,2
DA:2,2
DA:3,2
DA:4,2
DA:6,2
DA:9,2
DA:14,2
DA:19,2
DA:24,2
DA:29,2
DA:34,2
DA:36,2
LF:12
LH:12
BRF:0
BRH:0
end_of_record
TN:
SF:src/services/auth.service.ts
FN:18,(anonymous_1)
FN:24,(anonymous_2)
FN:33,(anonymous_3)
FN:56,(anonymous_4)
FN:77,(anonymous_5)
FNF:5
FNH:5
FNDA:17,(anonymous_1)
FNDA:17,(anonymous_2)
FNDA:17,(anonymous_3)
FNDA:3,(anonymous_4)
FNDA:1,(anonymous_5)
DA:1,2
DA:2,2
DA:18,2
DA:19,17
DA:24,17
DA:33,2
DA:39,17
DA:40,17
DA:41,1
DA:42,1
DA:46,16
DA:48,16
DA:49,0
DA:50,0
DA:53,16
DA:56,2
DA:61,3
DA:62,3
DA:63,1
DA:64,1
DA:68,2
DA:69,2
DA:70,1
DA:71,1
DA:74,1
DA:77,2
DA:78,1
DA:79,1
DA:80,0
DA:81,0
DA:84,1
LF:31
LH:27
BRDA:40,0,0,1
BRDA:48,1,0,0
BRDA:62,2,0,1
BRDA:69,3,0,1
BRDA:79,4,0,0
BRF:5
BRH:3
end_of_record
TN:
SF:src/services/todo.service.ts
FN:16,(anonymous_1)
FN:23,(anonymous_2)
FN:28,(anonymous_3)
FN:32,(anonymous_4)
FN:52,(anonymous_5)
FN:63,(anonymous_6)
FN:99,(anonymous_7)
FNF:7
FNH:7
FNDA:6,(anonymous_1)
FNDA:1,(anonymous_2)
FNDA:2,(anonymous_3)
FNDA:2,(anonymous_4)
FNDA:1,(anonymous_5)
FNDA:3,(anonymous_6)
FNDA:2,(anonymous_7)
DA:2,2
DA:16,2
DA:17,6
DA:18,2
DA:19,2
DA:23,2
DA:24,1
DA:25,1
DA:28,2
DA:29,2
DA:32,2
DA:35,2
DA:36,2
DA:38,0
DA:39,0
DA:41,0
DA:44,2
DA:45,1
DA:48,1
DA:49,1
DA:52,2
DA:56,1
DA:63,2
DA:70,3
DA:71,3
DA:73,0
DA:74,0
DA:76,0
DA:79,3
DA:80,0
DA:83,3
DA:85,2
DA:86,2
DA:87,2
DA:88,2
DA:90,2
DA:96,2
DA:99,2
DA:102,2
DA:103,2
DA:105,0
DA:106,0
DA:108,0
DA:111,2
DA:112,0
DA:115,2
DA:117,1
LF:47
LH:36
BRDA:17,0,0,2
BRDA:38,1,0,0
BRDA:44,2,0,1
BRDA:73,3,0,0
BRDA:79,4,0,0
BRDA:86,5,0,1
BRDA:87,6,0,1
BRDA:88,7,0,1
BRDA:105,8,0,0
BRDA:111,9,0,0
BRF:10
BRH:5
end_of_record
TN:
SF:src/utils/response.ts
FN:14,(anonymous_0)
FN:28,(anonymous_1)
FN:40,(anonymous_2)
FN:46,(anonymous_3)
FNF:4
FNH:4
FNDA:25,(anonymous_0)
FNDA:9,(anonymous_1)
FNDA:3,(anonymous_2)
FNDA:3,(anonymous_3)
DA:14,2
DA:20,25
DA:25,25
DA:28,2
DA:33,9
DA:37,9
DA:40,2
DA:44,3
DA:46,3
DA:48,3
LF:10
LH:10
BRDA:18,0,0,8
BRDA:31,1,0,0
BRF:2
BRH:1
end_of_record
TN:
SF:src/validators/auth.validator.ts
FNF:0
FNH:0
DA:1,2
DA:3,2
DA:9,2
LF:3
LH:3
BRF:0
BRH:0
end_of_record
TN:
SF:src/validators/todo.validator.ts
FNF:0
FNH:0
DA:1,2
DA:3,2
DA:8,2
LF:3
LH:3
BRF:0
BRH:0
end_of_record
